Build started 13.12.2015 13:03:25.
     1>Project "C:\Users\user\Documents\GitHub\tinyrenderer\tinyrenderer.vcxproj" on node 2 (Build target(s)).
     1>ClCompile:
         C:\Program Files (x86)\Microsoft Visual Studio 14.0\VC\bin\CL.exe /c /Zi /nologo /W3 /WX- /O2 /Oy- /D WIN32 /D NDEBUG /D _WINDOWS /Gm- /EHsc /MD /GS /fp:precise /Zc:wchar_t /Zc:forScope /Zc:inline /Fo"Release\\" /Fd"Release\vc140.pdb" /Gd /TP /analyze- /errorReport:prompt main.cpp sdlwindow.cpp
         main.cpp
     1>c:\users\user\documents\github\tinyrenderer\tgaimage.h(59): warning C4244: '=': conversion from 'float' to 'unsigned char', possible loss of data
         sdlwindow.cpp
     1>c:\users\user\documents\github\tinyrenderer\tgaimage.h(59): warning C4244: '=': conversion from 'float' to 'unsigned char', possible loss of data
     1>sdlwindow.cpp(81): warning C4996: 'sprintf': This function or variable may be unsafe. Consider using sprintf_s instead. To disable deprecation, use _CRT_SECURE_NO_WARNINGS. See online help for details.
         C:\Program Files (x86)\Windows Kits\10\Include\10.0.10150.0\ucrt\stdio.h(1769): note: see declaration of 'sprintf'
         Generating Code...
       Link:
         C:\Program Files (x86)\Microsoft Visual Studio 14.0\VC\bin\link.exe /ERRORREPORT:PROMPT /OUT:"C:\Users\user\Documents\GitHub\tinyrenderer\Release\tinyrenderer.exe" /INCREMENTAL /NOLOGO SDL2.lib SDL2main.lib kernel32.lib user32.lib gdi32.lib winspool.lib comdlg32.lib advapi32.lib shell32.lib ole32.lib oleaut32.lib uuid.lib odbc32.lib odbccp32.lib /MANIFEST /MANIFESTUAC:"level='asInvoker' uiAccess='false'" /manifest:embed /Debug /PDB:"C:\Users\user\Documents\GitHub\tinyrenderer\Release\tinyrenderer.pdb" /SUBSYSTEM:WINDOWS /OPT:REF /OPT:ICF /TLBID:1 /DYNAMICBASE /NXCOMPAT /IMPLIB:"C:\Users\user\Documents\GitHub\tinyrenderer\Release\tinyrenderer.lib" /MACHINE:X86 /SAFESEH Release\frametile.obj
         Release\geometry.obj
         Release\main.obj
         Release\model.obj
         Release\our_gl.obj
         Release\sdlwindow.obj
         Release\shader.obj
         Release\tgaimage.obj
     1>LINK : warning LNK4075: ignoring '/INCREMENTAL' due to '/OPT:ICF' specification
         tinyrenderer.vcxproj -> C:\Users\user\Documents\GitHub\tinyrenderer\Release\tinyrenderer.exe
     1>Done Building Project "C:\Users\user\Documents\GitHub\tinyrenderer\tinyrenderer.vcxproj" (Build target(s)).

Build succeeded.

Time Elapsed 00:00:01.86
